<?xml version="1.0" encoding="UTF-8"?>
<coverage generated="1661961289836" clover="3.2.0">
  <project timestamp="1661961289836" name="All files">
    <metrics statements="119" coveredstatements="86" conditionals="45" coveredconditionals="16" methods="27" coveredmethods="12" elements="191" coveredelements="114" complexity="0" loc="119" ncloc="119" packages="8" files="26" classes="26"/>
    <package name="errors">
      <metrics statements="19" coveredstatements="13" conditionals="0" coveredconditionals="0" methods="6" coveredmethods="3"/>
      <file name="AuthError.js" path="C:\Users\Matias N\workspace\neoland-bootcamp-202207\staff\matias-bua\postits\api\src\errors\AuthError.js">
        <metrics statements="3" coveredstatements="3" conditionals="0" coveredconditionals="0" methods="1" coveredmethods="1"/>
        <line num="3" count="1" type="stmt"/>
        <line num="5" count="1" type="stmt"/>
        <line num="9" count="3" type="stmt"/>
      </file>
      <file name="DuplicityError.js" path="C:\Users\Matias N\workspace\neoland-bootcamp-202207\staff\matias-bua\postits\api\src\errors\DuplicityError.js">
        <metrics statements="3" coveredstatements="3" conditionals="0" coveredconditionals="0" methods="1" coveredmethods="1"/>
        <line num="3" count="1" type="stmt"/>
        <line num="5" count="1" type="stmt"/>
        <line num="9" count="3" type="stmt"/>
      </file>
      <file name="FormatError.js" path="C:\Users\Matias N\workspace\neoland-bootcamp-202207\staff\matias-bua\postits\api\src\errors\FormatError.js">
        <metrics statements="3" coveredstatements="1" conditionals="0" coveredconditionals="0" methods="1" coveredmethods="0"/>
        <line num="3" count="0" type="stmt"/>
        <line num="5" count="0" type="stmt"/>
        <line num="9" count="3" type="stmt"/>
      </file>
      <file name="NotFoundError.js" path="C:\Users\Matias N\workspace\neoland-bootcamp-202207\staff\matias-bua\postits\api\src\errors\NotFoundError.js">
        <metrics statements="3" coveredstatements="3" conditionals="0" coveredconditionals="0" methods="1" coveredmethods="1"/>
        <line num="3" count="1" type="stmt"/>
        <line num="5" count="1" type="stmt"/>
        <line num="9" count="3" type="stmt"/>
      </file>
      <file name="SystemError.js" path="C:\Users\Matias N\workspace\neoland-bootcamp-202207\staff\matias-bua\postits\api\src\errors\SystemError.js">
        <metrics statements="3" coveredstatements="1" conditionals="0" coveredconditionals="0" methods="1" coveredmethods="0"/>
        <line num="3" count="0" type="stmt"/>
        <line num="5" count="0" type="stmt"/>
        <line num="9" count="3" type="stmt"/>
      </file>
      <file name="UnknownError.js" path="C:\Users\Matias N\workspace\neoland-bootcamp-202207\staff\matias-bua\postits\api\src\errors\UnknownError.js">
        <metrics statements="3" coveredstatements="1" conditionals="0" coveredconditionals="0" methods="1" coveredmethods="0"/>
        <line num="3" count="0" type="stmt"/>
        <line num="5" count="0" type="stmt"/>
        <line num="9" count="3" type="stmt"/>
      </file>
      <file name="index.js" path="C:\Users\Matias N\workspace\neoland-bootcamp-202207\staff\matias-bua\postits\api\src\errors\index.js">
        <metrics statements="1" coveredstatements="1" conditionals="0" coveredconditionals="0" methods="0" coveredmethods="0"/>
        <line num="1" count="3" type="stmt"/>
      </file>
    </package>
    <package name="logic.notes.createNote">
      <metrics statements="12" coveredstatements="7" conditionals="3" coveredconditionals="1" methods="5" coveredmethods="1"/>
      <file name="index.js" path="C:\Users\Matias N\workspace\neoland-bootcamp-202207\staff\matias-bua\postits\api\src\logic\notes\createNote\index.js">
        <metrics statements="12" coveredstatements="7" conditionals="3" coveredconditionals="1" methods="5" coveredmethods="1"/>
        <line num="1" count="1" type="stmt"/>
        <line num="2" count="1" type="stmt"/>
        <line num="3" count="1" type="stmt"/>
        <line num="4" count="1" type="stmt"/>
        <line num="22" count="2" type="stmt"/>
        <line num="23" count="2" type="stmt"/>
        <line num="25" count="0" type="stmt"/>
        <line num="27" count="0" type="stmt"/>
        <line num="30" count="0" type="cond" truecount="0" falsecount="2"/>
        <line num="32" count="0" type="stmt"/>
        <line num="34" count="0" type="stmt"/>
        <line num="40" count="1" type="stmt"/>
      </file>
    </package>
    <package name="logic.users.authenticateUser">
      <metrics statements="11" coveredstatements="10" conditionals="4" coveredconditionals="4" methods="3" coveredmethods="2"/>
      <file name="index.js" path="C:\Users\Matias N\workspace\neoland-bootcamp-202207\staff\matias-bua\postits\api\src\logic\users\authenticateUser\index.js">
        <metrics statements="11" coveredstatements="10" conditionals="4" coveredconditionals="4" methods="3" coveredmethods="2"/>
        <line num="1" count="1" type="stmt"/>
        <line num="2" count="1" type="stmt"/>
        <line num="3" count="1" type="stmt"/>
        <line num="7" count="3" type="stmt"/>
        <line num="8" count="3" type="stmt"/>
        <line num="11" count="3" type="stmt"/>
        <line num="13" count="0" type="stmt"/>
        <line num="16" count="3" type="cond" truecount="2" falsecount="0"/>
        <line num="18" count="2" type="cond" truecount="2" falsecount="0"/>
        <line num="20" count="1" type="stmt"/>
        <line num="25" count="1" type="stmt"/>
      </file>
    </package>
    <package name="logic.users.registerUser">
      <metrics statements="13" coveredstatements="12" conditionals="2" coveredconditionals="1" methods="2" coveredmethods="2"/>
      <file name="index.js" path="C:\Users\Matias N\workspace\neoland-bootcamp-202207\staff\matias-bua\postits\api\src\logic\users\registerUser\index.js">
        <metrics statements="13" coveredstatements="12" conditionals="2" coveredconditionals="1" methods="2" coveredmethods="2"/>
        <line num="1" count="1" type="stmt"/>
        <line num="2" count="1" type="stmt"/>
        <line num="3" count="1" type="stmt"/>
        <line num="7" count="2" type="stmt"/>
        <line num="8" count="2" type="stmt"/>
        <line num="9" count="2" type="stmt"/>
        <line num="11" count="2" type="stmt"/>
        <line num="12" count="2" type="stmt"/>
        <line num="13" count="2" type="stmt"/>
        <line num="15" count="1" type="cond" truecount="1" falsecount="1"/>
        <line num="16" count="1" type="stmt"/>
        <line num="18" count="0" type="stmt"/>
        <line num="23" count="1" type="stmt"/>
      </file>
    </package>
    <package name="models">
      <metrics statements="3" coveredstatements="3" conditionals="0" coveredconditionals="0" methods="0" coveredmethods="0"/>
      <file name="index.js" path="C:\Users\Matias N\workspace\neoland-bootcamp-202207\staff\matias-bua\postits\api\src\models\index.js">
        <metrics statements="3" coveredstatements="3" conditionals="0" coveredconditionals="0" methods="0" coveredmethods="0"/>
        <line num="1" count="3" type="stmt"/>
        <line num="2" count="3" type="stmt"/>
        <line num="4" count="3" type="stmt"/>
      </file>
    </package>
    <package name="models.schemas">
      <metrics statements="7" coveredstatements="7" conditionals="0" coveredconditionals="0" methods="0" coveredmethods="0"/>
      <file name="index.js" path="C:\Users\Matias N\workspace\neoland-bootcamp-202207\staff\matias-bua\postits\api\src\models\schemas\index.js">
        <metrics statements="1" coveredstatements="1" conditionals="0" coveredconditionals="0" methods="0" coveredmethods="0"/>
        <line num="1" count="3" type="stmt"/>
      </file>
      <file name="note.js" path="C:\Users\Matias N\workspace\neoland-bootcamp-202207\staff\matias-bua\postits\api\src\models\schemas\note.js">
        <metrics statements="3" coveredstatements="3" conditionals="0" coveredconditionals="0" methods="0" coveredmethods="0"/>
        <line num="1" count="3" type="stmt"/>
        <line num="3" count="3" type="stmt"/>
        <line num="26" count="3" type="stmt"/>
      </file>
      <file name="user.js" path="C:\Users\Matias N\workspace\neoland-bootcamp-202207\staff\matias-bua\postits\api\src\models\schemas\user.js">
        <metrics statements="3" coveredstatements="3" conditionals="0" coveredconditionals="0" methods="0" coveredmethods="0"/>
        <line num="1" count="3" type="stmt"/>
        <line num="3" count="3" type="stmt"/>
        <line num="21" count="3" type="stmt"/>
      </file>
    </package>
    <package name="utils">
      <metrics statements="32" coveredstatements="14" conditionals="12" coveredconditionals="1" methods="6" coveredmethods="1"/>
      <file name="createLogger.js" path="C:\Users\Matias N\workspace\neoland-bootcamp-202207\staff\matias-bua\postits\api\src\utils\createLogger.js">
        <metrics statements="7" coveredstatements="3" conditionals="0" coveredconditionals="0" methods="3" coveredmethods="0"/>
        <line num="1" count="1" type="stmt"/>
        <line num="2" count="1" type="stmt"/>
        <line num="5" count="0" type="stmt"/>
        <line num="7" count="0" type="stmt"/>
        <line num="10" count="1" type="stmt"/>
        <line num="11" count="0" type="stmt"/>
        <line num="16" count="0" type="stmt"/>
      </file>
      <file name="index.js" path="C:\Users\Matias N\workspace\neoland-bootcamp-202207\staff\matias-bua\postits\api\src\utils\index.js">
        <metrics statements="1" coveredstatements="1" conditionals="0" coveredconditionals="0" methods="0" coveredmethods="0"/>
        <line num="1" count="1" type="stmt"/>
      </file>
      <file name="runWithErrorHandling.js" path="C:\Users\Matias N\workspace\neoland-bootcamp-202207\staff\matias-bua\postits\api\src\utils\runWithErrorHandling.js">
        <metrics statements="12" coveredstatements="4" conditionals="9" coveredconditionals="0" methods="1" coveredmethods="0"/>
        <line num="1" count="1" type="stmt"/>
        <line num="2" count="1" type="stmt"/>
        <line num="3" count="1" type="stmt"/>
        <line num="6" count="0" type="stmt"/>
        <line num="7" count="0" type="stmt"/>
        <line num="9" count="0" type="cond" truecount="0" falsecount="4"/>
        <line num="10" count="0" type="stmt"/>
        <line num="11" count="0" type="cond" truecount="0" falsecount="5"/>
        <line num="12" count="0" type="stmt"/>
        <line num="14" count="0" type="stmt"/>
        <line num="16" count="0" type="stmt"/>
        <line num="20" count="1" type="stmt"/>
      </file>
      <file name="verifyObjectId.js" path="C:\Users\Matias N\workspace\neoland-bootcamp-202207\staff\matias-bua\postits\api\src\utils\verifyObjectId.js">
        <metrics statements="3" coveredstatements="3" conditionals="3" coveredconditionals="1" methods="1" coveredmethods="1"/>
        <line num="1" count="1" type="stmt"/>
        <line num="4" count="2" type="cond" truecount="1" falsecount="1"/>
        <line num="7" count="1" type="stmt"/>
      </file>
      <file name="verifyToken.js" path="C:\Users\Matias N\workspace\neoland-bootcamp-202207\staff\matias-bua\postits\api\src\utils\verifyToken.js">
        <metrics statements="9" coveredstatements="3" conditionals="0" coveredconditionals="0" methods="1" coveredmethods="0"/>
        <line num="1" count="1" type="stmt"/>
        <line num="2" count="1" type="stmt"/>
        <line num="5" count="0" type="stmt"/>
        <line num="7" count="0" type="stmt"/>
        <line num="9" count="0" type="stmt"/>
        <line num="11" count="0" type="stmt"/>
        <line num="13" count="0" type="stmt"/>
        <line num="15" count="0" type="stmt"/>
        <line num="18" count="1" type="stmt"/>
      </file>
    </package>
    <package name="validators">
      <metrics statements="22" coveredstatements="20" conditionals="24" coveredconditionals="9" methods="5" coveredmethods="3"/>
      <file name="index.js" path="C:\Users\Matias N\workspace\neoland-bootcamp-202207\staff\matias-bua\postits\api\src\validators\index.js">
        <metrics statements="1" coveredstatements="1" conditionals="0" coveredconditionals="0" methods="0" coveredmethods="0"/>
        <line num="1" count="3" type="stmt"/>
      </file>
      <file name="validateCallbacks.js" path="C:\Users\Matias N\workspace\neoland-bootcamp-202207\staff\matias-bua\postits\api\src\validators\validateCallbacks.js">
        <metrics statements="2" coveredstatements="1" conditionals="2" coveredconditionals="0" methods="1" coveredmethods="0"/>
        <line num="2" count="0" type="cond" truecount="0" falsecount="2"/>
        <line num="5" count="3" type="stmt"/>
      </file>
      <file name="validateEmail.js" path="C:\Users\Matias N\workspace\neoland-bootcamp-202207\staff\matias-bua\postits\api\src\validators\validateEmail.js">
        <metrics statements="7" coveredstatements="7" conditionals="8" coveredconditionals="4" methods="1" coveredmethods="1"/>
        <line num="1" count="3" type="stmt"/>
        <line num="2" count="3" type="stmt"/>
        <line num="5" count="5" type="cond" truecount="1" falsecount="1"/>
        <line num="6" count="5" type="cond" truecount="1" falsecount="1"/>
        <line num="7" count="5" type="cond" truecount="1" falsecount="1"/>
        <line num="8" count="5" type="cond" truecount="1" falsecount="1"/>
        <line num="11" count="3" type="stmt"/>
      </file>
      <file name="validateObjectId.js" path="C:\Users\Matias N\workspace\neoland-bootcamp-202207\staff\matias-bua\postits\api\src\validators\validateObjectId.js">
        <metrics statements="3" coveredstatements="2" conditionals="3" coveredconditionals="0" methods="1" coveredmethods="0"/>
        <line num="1" count="3" type="stmt"/>
        <line num="4" count="0" type="cond" truecount="0" falsecount="2"/>
        <line num="7" count="3" type="stmt"/>
      </file>
      <file name="validatePassword.js" path="C:\Users\Matias N\workspace\neoland-bootcamp-202207\staff\matias-bua\postits\api\src\validators\validatePassword.js">
        <metrics statements="5" coveredstatements="5" conditionals="6" coveredconditionals="3" methods="1" coveredmethods="1"/>
        <line num="1" count="3" type="stmt"/>
        <line num="4" count="5" type="cond" truecount="1" falsecount="1"/>
        <line num="5" count="5" type="cond" truecount="1" falsecount="1"/>
        <line num="6" count="5" type="cond" truecount="1" falsecount="1"/>
        <line num="9" count="3" type="stmt"/>
      </file>
      <file name="validateString.js" path="C:\Users\Matias N\workspace\neoland-bootcamp-202207\staff\matias-bua\postits\api\src\validators\validateString.js">
        <metrics statements="0" coveredstatements="0" conditionals="0" coveredconditionals="0" methods="0" coveredmethods="0"/>
      </file>
      <file name="validateText.js" path="C:\Users\Matias N\workspace\neoland-bootcamp-202207\staff\matias-bua\postits\api\src\validators\validateText.js">
        <metrics statements="4" coveredstatements="4" conditionals="5" coveredconditionals="2" methods="1" coveredmethods="1"/>
        <line num="1" count="3" type="stmt"/>
        <line num="4" count="2" type="cond" truecount="1" falsecount="1"/>
        <line num="5" count="2" type="cond" truecount="1" falsecount="1"/>
        <line num="8" count="3" type="stmt"/>
      </file>
    </package>
  </project>
</coverage>
