{"C:\\Users\\Matias N\\workspace\\neoland-bootcamp-202207\\staff\\matias-bua\\postits\\api\\src\\errors\\AuthError.js": {"path":"C:\\Users\\Matias N\\workspace\\neoland-bootcamp-202207\\staff\\matias-bua\\postits\\api\\src\\errors\\AuthError.js","statementMap":{"0":{"start":{"line":3,"column":8},"end":{"line":3,"column":22}},"1":{"start":{"line":5,"column":8},"end":{"line":5,"column":34}},"2":{"start":{"line":9,"column":0},"end":{"line":9,"column":26}}},"fnMap":{"0":{"name":"(anonymous_0)","decl":{"start":{"line":2,"column":4},"end":{"line":2,"column":5}},"loc":{"start":{"line":2,"column":25},"end":{"line":6,"column":5}},"line":2}},"branchMap":{},"s":{"0":1,"1":1,"2":3},"f":{"0":1},"b":{},"_coverageSchema":"1a1c01bbd47fc00a2c39e90264f33305004495a9","hash":"749ea14bb10e242502a21c963de5786da9a70f45"}
,"C:\\Users\\Matias N\\workspace\\neoland-bootcamp-202207\\staff\\matias-bua\\postits\\api\\src\\errors\\DuplicityError.js": {"path":"C:\\Users\\Matias N\\workspace\\neoland-bootcamp-202207\\staff\\matias-bua\\postits\\api\\src\\errors\\DuplicityError.js","statementMap":{"0":{"start":{"line":3,"column":8},"end":{"line":3,"column":22}},"1":{"start":{"line":5,"column":8},"end":{"line":5,"column":39}},"2":{"start":{"line":9,"column":0},"end":{"line":9,"column":31}}},"fnMap":{"0":{"name":"(anonymous_0)","decl":{"start":{"line":2,"column":4},"end":{"line":2,"column":5}},"loc":{"start":{"line":2,"column":24},"end":{"line":6,"column":5}},"line":2}},"branchMap":{},"s":{"0":1,"1":1,"2":3},"f":{"0":1},"b":{},"_coverageSchema":"1a1c01bbd47fc00a2c39e90264f33305004495a9","hash":"22099aa628bbb78bab1573c136a863350962724d"}
,"C:\\Users\\Matias N\\workspace\\neoland-bootcamp-202207\\staff\\matias-bua\\postits\\api\\src\\errors\\FormatError.js": {"path":"C:\\Users\\Matias N\\workspace\\neoland-bootcamp-202207\\staff\\matias-bua\\postits\\api\\src\\errors\\FormatError.js","statementMap":{"0":{"start":{"line":3,"column":8},"end":{"line":3,"column":22}},"1":{"start":{"line":5,"column":8},"end":{"line":5,"column":36}},"2":{"start":{"line":9,"column":0},"end":{"line":9,"column":28}}},"fnMap":{"0":{"name":"(anonymous_0)","decl":{"start":{"line":2,"column":4},"end":{"line":2,"column":5}},"loc":{"start":{"line":2,"column":25},"end":{"line":6,"column":5}},"line":2}},"branchMap":{},"s":{"0":0,"1":0,"2":3},"f":{"0":0},"b":{},"_coverageSchema":"1a1c01bbd47fc00a2c39e90264f33305004495a9","hash":"50d40ceb18b90da89a4189fff55d617d4a2f879c"}
,"C:\\Users\\Matias N\\workspace\\neoland-bootcamp-202207\\staff\\matias-bua\\postits\\api\\src\\errors\\NotFoundError.js": {"path":"C:\\Users\\Matias N\\workspace\\neoland-bootcamp-202207\\staff\\matias-bua\\postits\\api\\src\\errors\\NotFoundError.js","statementMap":{"0":{"start":{"line":3,"column":8},"end":{"line":3,"column":22}},"1":{"start":{"line":5,"column":8},"end":{"line":5,"column":38}},"2":{"start":{"line":9,"column":0},"end":{"line":9,"column":30}}},"fnMap":{"0":{"name":"(anonymous_0)","decl":{"start":{"line":2,"column":4},"end":{"line":2,"column":5}},"loc":{"start":{"line":2,"column":25},"end":{"line":6,"column":5}},"line":2}},"branchMap":{},"s":{"0":1,"1":1,"2":3},"f":{"0":1},"b":{},"_coverageSchema":"1a1c01bbd47fc00a2c39e90264f33305004495a9","hash":"8244425d3a5825e1096d3b0a3df9b9442cd79b32"}
,"C:\\Users\\Matias N\\workspace\\neoland-bootcamp-202207\\staff\\matias-bua\\postits\\api\\src\\errors\\SystemError.js": {"path":"C:\\Users\\Matias N\\workspace\\neoland-bootcamp-202207\\staff\\matias-bua\\postits\\api\\src\\errors\\SystemError.js","statementMap":{"0":{"start":{"line":3,"column":8},"end":{"line":3,"column":23}},"1":{"start":{"line":5,"column":8},"end":{"line":5,"column":32}},"2":{"start":{"line":9,"column":0},"end":{"line":9,"column":29}}},"fnMap":{"0":{"name":"(anonymous_0)","decl":{"start":{"line":2,"column":4},"end":{"line":2,"column":5}},"loc":{"start":{"line":2,"column":25},"end":{"line":6,"column":5}},"line":2}},"branchMap":{},"s":{"0":0,"1":0,"2":3},"f":{"0":0},"b":{},"_coverageSchema":"1a1c01bbd47fc00a2c39e90264f33305004495a9","hash":"12d5185173f2563595a8cedabcc7dcac72445b2f"}
,"C:\\Users\\Matias N\\workspace\\neoland-bootcamp-202207\\staff\\matias-bua\\postits\\api\\src\\errors\\UnknownError.js": {"path":"C:\\Users\\Matias N\\workspace\\neoland-bootcamp-202207\\staff\\matias-bua\\postits\\api\\src\\errors\\UnknownError.js","statementMap":{"0":{"start":{"line":3,"column":4},"end":{"line":3,"column":19}},"1":{"start":{"line":5,"column":4},"end":{"line":5,"column":34}},"2":{"start":{"line":9,"column":0},"end":{"line":9,"column":30}}},"fnMap":{"0":{"name":"(anonymous_0)","decl":{"start":{"line":2,"column":2},"end":{"line":2,"column":3}},"loc":{"start":{"line":2,"column":23},"end":{"line":6,"column":3}},"line":2}},"branchMap":{},"s":{"0":0,"1":0,"2":3},"f":{"0":0},"b":{},"_coverageSchema":"1a1c01bbd47fc00a2c39e90264f33305004495a9","hash":"b9d1a5c57da08ce38ed0a269ebfe3ea735559e8f"}
,"C:\\Users\\Matias N\\workspace\\neoland-bootcamp-202207\\staff\\matias-bua\\postits\\api\\src\\errors\\index.js": {"path":"C:\\Users\\Matias N\\workspace\\neoland-bootcamp-202207\\staff\\matias-bua\\postits\\api\\src\\errors\\index.js","statementMap":{"0":{"start":{"line":1,"column":0},"end":{"line":8,"column":1}}},"fnMap":{},"branchMap":{},"s":{"0":3},"f":{},"b":{},"_coverageSchema":"1a1c01bbd47fc00a2c39e90264f33305004495a9","hash":"2e90545326306e99364bf80d2b81f865ff7e4517"}
,"C:\\Users\\Matias N\\workspace\\neoland-bootcamp-202207\\staff\\matias-bua\\postits\\api\\src\\logic\\notes\\createNote\\index.js": {"path":"C:\\Users\\Matias N\\workspace\\neoland-bootcamp-202207\\staff\\matias-bua\\postits\\api\\src\\logic\\notes\\createNote\\index.js","statementMap":{"0":{"start":{"line":1,"column":23},"end":{"line":1,"column":50}},"1":{"start":{"line":2,"column":38},"end":{"line":2,"column":65}},"2":{"start":{"line":3,"column":27},"end":{"line":3,"column":58}},"3":{"start":{"line":4,"column":27},"end":{"line":4,"column":53}},"4":{"start":{"line":22,"column":4},"end":{"line":22,"column":37}},"5":{"start":{"line":23,"column":4},"end":{"line":23,"column":32}},"6":{"start":{"line":25,"column":4},"end":{"line":37,"column":26}},"7":{"start":{"line":27,"column":12},"end":{"line":27,"column":48}},"8":{"start":{"line":30,"column":12},"end":{"line":30,"column":81}},"9":{"start":{"line":30,"column":22},"end":{"line":30,"column":81}},"10":{"start":{"line":32,"column":12},"end":{"line":35,"column":18}},"11":{"start":{"line":34,"column":20},"end":{"line":34,"column":56}},"12":{"start":{"line":40,"column":0},"end":{"line":40,"column":27}}},"fnMap":{"0":{"name":"createNote","decl":{"start":{"line":21,"column":9},"end":{"line":21,"column":19}},"loc":{"start":{"line":21,"column":39},"end":{"line":38,"column":1}},"line":21},"1":{"name":"(anonymous_1)","decl":{"start":{"line":26,"column":15},"end":{"line":26,"column":16}},"loc":{"start":{"line":26,"column":24},"end":{"line":28,"column":9}},"line":26},"2":{"name":"(anonymous_2)","decl":{"start":{"line":29,"column":14},"end":{"line":29,"column":15}},"loc":{"start":{"line":29,"column":22},"end":{"line":36,"column":9}},"line":29},"3":{"name":"(anonymous_3)","decl":{"start":{"line":33,"column":23},"end":{"line":33,"column":24}},"loc":{"start":{"line":33,"column":32},"end":{"line":35,"column":17}},"line":33},"4":{"name":"(anonymous_4)","decl":{"start":{"line":37,"column":14},"end":{"line":37,"column":15}},"loc":{"start":{"line":37,"column":22},"end":{"line":37,"column":25}},"line":37}},"branchMap":{"0":{"loc":{"start":{"line":21,"column":28},"end":{"line":21,"column":37}},"type":"default-arg","locations":[{"start":{"line":21,"column":35},"end":{"line":21,"column":37}}],"line":21},"1":{"loc":{"start":{"line":30,"column":12},"end":{"line":30,"column":81}},"type":"if","locations":[{"start":{"line":30,"column":12},"end":{"line":30,"column":81}},{"start":{},"end":{}}],"line":30}},"s":{"0":1,"1":1,"2":1,"3":1,"4":2,"5":2,"6":0,"7":0,"8":0,"9":0,"10":0,"11":0,"12":1},"f":{"0":2,"1":0,"2":0,"3":0,"4":0},"b":{"0":[1],"1":[0,0]},"_coverageSchema":"1a1c01bbd47fc00a2c39e90264f33305004495a9","hash":"251c26864ed2ef011f160e955abd7677691fdfb1"}
,"C:\\Users\\Matias N\\workspace\\neoland-bootcamp-202207\\staff\\matias-bua\\postits\\api\\src\\logic\\users\\authenticateUser\\index.js": {"path":"C:\\Users\\Matias N\\workspace\\neoland-bootcamp-202207\\staff\\matias-bua\\postits\\api\\src\\logic\\users\\authenticateUser\\index.js","statementMap":{"0":{"start":{"line":1,"column":17},"end":{"line":1,"column":43}},"1":{"start":{"line":2,"column":50},"end":{"line":2,"column":76}},"2":{"start":{"line":3,"column":44},"end":{"line":3,"column":74}},"3":{"start":{"line":7,"column":4},"end":{"line":7,"column":24}},"4":{"start":{"line":8,"column":4},"end":{"line":8,"column":30}},"5":{"start":{"line":11,"column":4},"end":{"line":21,"column":10}},"6":{"start":{"line":13,"column":12},"end":{"line":13,"column":48}},"7":{"start":{"line":16,"column":12},"end":{"line":16,"column":85}},"8":{"start":{"line":16,"column":23},"end":{"line":16,"column":85}},"9":{"start":{"line":18,"column":12},"end":{"line":18,"column":81}},"10":{"start":{"line":18,"column":43},"end":{"line":18,"column":81}},"11":{"start":{"line":20,"column":12},"end":{"line":20,"column":26}},"12":{"start":{"line":25,"column":0},"end":{"line":25,"column":33}}},"fnMap":{"0":{"name":"authenticateUser","decl":{"start":{"line":6,"column":9},"end":{"line":6,"column":25}},"loc":{"start":{"line":6,"column":42},"end":{"line":23,"column":1}},"line":6},"1":{"name":"(anonymous_1)","decl":{"start":{"line":12,"column":15},"end":{"line":12,"column":16}},"loc":{"start":{"line":12,"column":24},"end":{"line":14,"column":9}},"line":12},"2":{"name":"(anonymous_2)","decl":{"start":{"line":15,"column":14},"end":{"line":15,"column":15}},"loc":{"start":{"line":15,"column":22},"end":{"line":21,"column":9}},"line":15}},"branchMap":{"0":{"loc":{"start":{"line":16,"column":12},"end":{"line":16,"column":85}},"type":"if","locations":[{"start":{"line":16,"column":12},"end":{"line":16,"column":85}},{"start":{},"end":{}}],"line":16},"1":{"loc":{"start":{"line":18,"column":12},"end":{"line":18,"column":81}},"type":"if","locations":[{"start":{"line":18,"column":12},"end":{"line":18,"column":81}},{"start":{},"end":{}}],"line":18}},"s":{"0":1,"1":1,"2":1,"3":3,"4":3,"5":3,"6":0,"7":3,"8":1,"9":2,"10":1,"11":1,"12":1},"f":{"0":3,"1":0,"2":3},"b":{"0":[1,2],"1":[1,1]},"_coverageSchema":"1a1c01bbd47fc00a2c39e90264f33305004495a9","hash":"147ab53acd57bab766bd34fc9b31513b6bd1478b"}
,"C:\\Users\\Matias N\\workspace\\neoland-bootcamp-202207\\staff\\matias-bua\\postits\\api\\src\\logic\\users\\registerUser\\index.js": {"path":"C:\\Users\\Matias N\\workspace\\neoland-bootcamp-202207\\staff\\matias-bua\\postits\\api\\src\\logic\\users\\registerUser\\index.js","statementMap":{"0":{"start":{"line":1,"column":17},"end":{"line":1,"column":43}},"1":{"start":{"line":2,"column":40},"end":{"line":2,"column":66}},"2":{"start":{"line":3,"column":58},"end":{"line":3,"column":88}},"3":{"start":{"line":7,"column":4},"end":{"line":7,"column":30}},"4":{"start":{"line":8,"column":4},"end":{"line":8,"column":24}},"5":{"start":{"line":9,"column":4},"end":{"line":9,"column":30}},"6":{"start":{"line":11,"column":4},"end":{"line":20,"column":8}},"7":{"start":{"line":12,"column":8},"end":{"line":19,"column":9}},"8":{"start":{"line":13,"column":12},"end":{"line":13,"column":56}},"9":{"start":{"line":15,"column":12},"end":{"line":16,"column":63}},"10":{"start":{"line":16,"column":16},"end":{"line":16,"column":63}},"11":{"start":{"line":18,"column":12},"end":{"line":18,"column":48}},"12":{"start":{"line":23,"column":0},"end":{"line":23,"column":29}}},"fnMap":{"0":{"name":"registerUser","decl":{"start":{"line":6,"column":0},"end":{"line":6,"column":12}},"loc":{"start":{"line":6,"column":36},"end":{"line":21,"column":1}},"line":6},"1":{"name":"(anonymous_1)","decl":{"start":{"line":11,"column":12},"end":{"line":11,"column":13}},"loc":{"start":{"line":11,"column":24},"end":{"line":20,"column":5}},"line":11}},"branchMap":{"0":{"loc":{"start":{"line":15,"column":12},"end":{"line":16,"column":63}},"type":"if","locations":[{"start":{"line":15,"column":12},"end":{"line":16,"column":63}},{"start":{},"end":{}}],"line":15}},"s":{"0":1,"1":1,"2":1,"3":2,"4":2,"5":2,"6":2,"7":2,"8":2,"9":1,"10":1,"11":0,"12":1},"f":{"0":2,"1":2},"b":{"0":[1,0]},"_coverageSchema":"1a1c01bbd47fc00a2c39e90264f33305004495a9","hash":"531d54da0f29c9f9256c78c208eeffdb57a19c29"}
,"C:\\Users\\Matias N\\workspace\\neoland-bootcamp-202207\\staff\\matias-bua\\postits\\api\\src\\models\\index.js": {"path":"C:\\Users\\Matias N\\workspace\\neoland-bootcamp-202207\\staff\\matias-bua\\postits\\api\\src\\models\\index.js","statementMap":{"0":{"start":{"line":1,"column":18},"end":{"line":1,"column":38}},"1":{"start":{"line":2,"column":23},"end":{"line":2,"column":44}},"2":{"start":{"line":4,"column":0},"end":{"line":7,"column":1}}},"fnMap":{},"branchMap":{},"s":{"0":3,"1":3,"2":3},"f":{},"b":{},"_coverageSchema":"1a1c01bbd47fc00a2c39e90264f33305004495a9","hash":"04e37a17ca1ab9ce14939adb109fbc18662631ad"}
,"C:\\Users\\Matias N\\workspace\\neoland-bootcamp-202207\\staff\\matias-bua\\postits\\api\\src\\models\\schemas\\index.js": {"path":"C:\\Users\\Matias N\\workspace\\neoland-bootcamp-202207\\staff\\matias-bua\\postits\\api\\src\\models\\schemas\\index.js","statementMap":{"0":{"start":{"line":1,"column":0},"end":{"line":4,"column":1}}},"fnMap":{},"branchMap":{},"s":{"0":3},"f":{},"b":{},"_coverageSchema":"1a1c01bbd47fc00a2c39e90264f33305004495a9","hash":"fafbe9ceb78f665184c7f37788907a641b7c981e"}
,"C:\\Users\\Matias N\\workspace\\neoland-bootcamp-202207\\staff\\matias-bua\\postits\\api\\src\\models\\schemas\\note.js": {"path":"C:\\Users\\Matias N\\workspace\\neoland-bootcamp-202207\\staff\\matias-bua\\postits\\api\\src\\models\\schemas\\note.js","statementMap":{"0":{"start":{"line":1,"column":41},"end":{"line":1,"column":60}},"1":{"start":{"line":3,"column":13},"end":{"line":24,"column":2}},"2":{"start":{"line":26,"column":0},"end":{"line":26,"column":21}}},"fnMap":{},"branchMap":{},"s":{"0":3,"1":3,"2":3},"f":{},"b":{},"_coverageSchema":"1a1c01bbd47fc00a2c39e90264f33305004495a9","hash":"b966d095e9f96b6aa76c77e7da50b4b110264a0d"}
,"C:\\Users\\Matias N\\workspace\\neoland-bootcamp-202207\\staff\\matias-bua\\postits\\api\\src\\models\\schemas\\user.js": {"path":"C:\\Users\\Matias N\\workspace\\neoland-bootcamp-202207\\staff\\matias-bua\\postits\\api\\src\\models\\schemas\\user.js","statementMap":{"0":{"start":{"line":1,"column":19},"end":{"line":1,"column":39}},"1":{"start":{"line":3,"column":13},"end":{"line":19,"column":2}},"2":{"start":{"line":21,"column":0},"end":{"line":21,"column":21}}},"fnMap":{},"branchMap":{},"s":{"0":3,"1":3,"2":3},"f":{},"b":{},"_coverageSchema":"1a1c01bbd47fc00a2c39e90264f33305004495a9","hash":"47715891851ae2455b7e32d9dc5c62d43992ee42"}
,"C:\\Users\\Matias N\\workspace\\neoland-bootcamp-202207\\staff\\matias-bua\\postits\\api\\src\\utils\\createLogger.js": {"path":"C:\\Users\\Matias N\\workspace\\neoland-bootcamp-202207\\staff\\matias-bua\\postits\\api\\src\\utils\\createLogger.js","statementMap":{"0":{"start":{"line":1,"column":45},"end":{"line":1,"column":63}},"1":{"start":{"line":2,"column":78},"end":{"line":2,"column":84}},"2":{"start":{"line":5,"column":18},"end":{"line":5,"column":51}},"3":{"start":{"line":7,"column":4},"end":{"line":7,"column":54}},"4":{"start":{"line":10,"column":0},"end":{"line":23,"column":1}},"5":{"start":{"line":11,"column":4},"end":{"line":22,"column":6}},"6":{"start":{"line":16,"column":26},"end":{"line":16,"column":101}}},"fnMap":{"0":{"name":"createLabelForModule","decl":{"start":{"line":4,"column":9},"end":{"line":4,"column":29}},"loc":{"start":{"line":4,"column":45},"end":{"line":8,"column":1}},"line":4},"1":{"name":"(anonymous_1)","decl":{"start":{"line":10,"column":17},"end":{"line":10,"column":18}},"loc":{"start":{"line":10,"column":42},"end":{"line":23,"column":1}},"line":10},"2":{"name":"(anonymous_2)","decl":{"start":{"line":16,"column":19},"end":{"line":16,"column":20}},"loc":{"start":{"line":16,"column":26},"end":{"line":16,"column":101}},"line":16}},"branchMap":{},"s":{"0":1,"1":1,"2":0,"3":0,"4":1,"5":0,"6":0},"f":{"0":0,"1":0,"2":0},"b":{},"_coverageSchema":"1a1c01bbd47fc00a2c39e90264f33305004495a9","hash":"176dc06335d97e58f7cabd26244ebcd91ba1c901"}
,"C:\\Users\\Matias N\\workspace\\neoland-bootcamp-202207\\staff\\matias-bua\\postits\\api\\src\\utils\\index.js": {"path":"C:\\Users\\Matias N\\workspace\\neoland-bootcamp-202207\\staff\\matias-bua\\postits\\api\\src\\utils\\index.js","statementMap":{"0":{"start":{"line":1,"column":0},"end":{"line":6,"column":1}}},"fnMap":{},"branchMap":{},"s":{"0":1},"f":{},"b":{},"_coverageSchema":"1a1c01bbd47fc00a2c39e90264f33305004495a9","hash":"3c5d62678c52d86c2a044ba79a85564fa33d2567"}
,"C:\\Users\\Matias N\\workspace\\neoland-bootcamp-202207\\staff\\matias-bua\\postits\\api\\src\\utils\\runWithErrorHandling.js": {"path":"C:\\Users\\Matias N\\workspace\\neoland-bootcamp-202207\\staff\\matias-bua\\postits\\api\\src\\utils\\runWithErrorHandling.js","statementMap":{"0":{"start":{"line":1,"column":21},"end":{"line":1,"column":46}},"1":{"start":{"line":2,"column":65},"end":{"line":2,"column":88}},"2":{"start":{"line":3,"column":24},"end":{"line":3,"column":44}},"3":{"start":{"line":6,"column":4},"end":{"line":17,"column":5}},"4":{"start":{"line":7,"column":8},"end":{"line":7,"column":18}},"5":{"start":{"line":9,"column":8},"end":{"line":14,"column":59}},"6":{"start":{"line":10,"column":12},"end":{"line":10,"column":58}},"7":{"start":{"line":11,"column":13},"end":{"line":14,"column":59}},"8":{"start":{"line":12,"column":12},"end":{"line":12,"column":62}},"9":{"start":{"line":14,"column":12},"end":{"line":14,"column":59}},"10":{"start":{"line":16,"column":8},"end":{"line":16,"column":27}},"11":{"start":{"line":20,"column":0},"end":{"line":20,"column":37}}},"fnMap":{"0":{"name":"runWithErrorHandling","decl":{"start":{"line":5,"column":9},"end":{"line":5,"column":29}},"loc":{"start":{"line":5,"column":53},"end":{"line":18,"column":1}},"line":5}},"branchMap":{"0":{"loc":{"start":{"line":9,"column":8},"end":{"line":14,"column":59}},"type":"if","locations":[{"start":{"line":9,"column":8},"end":{"line":14,"column":59}},{"start":{"line":11,"column":13},"end":{"line":14,"column":59}}],"line":9},"1":{"loc":{"start":{"line":9,"column":12},"end":{"line":9,"column":70}},"type":"binary-expr","locations":[{"start":{"line":9,"column":12},"end":{"line":9,"column":38}},{"start":{"line":9,"column":42},"end":{"line":9,"column":70}}],"line":9},"2":{"loc":{"start":{"line":11,"column":13},"end":{"line":14,"column":59}},"type":"if","locations":[{"start":{"line":11,"column":13},"end":{"line":14,"column":59}},{"start":{"line":14,"column":12},"end":{"line":14,"column":59}}],"line":11},"3":{"loc":{"start":{"line":11,"column":17},"end":{"line":11,"column":124}},"type":"binary-expr","locations":[{"start":{"line":11,"column":17},"end":{"line":11,"column":51}},{"start":{"line":11,"column":55},"end":{"line":11,"column":89}},{"start":{"line":11,"column":93},"end":{"line":11,"column":124}}],"line":11}},"s":{"0":1,"1":1,"2":1,"3":0,"4":0,"5":0,"6":0,"7":0,"8":0,"9":0,"10":0,"11":1},"f":{"0":0},"b":{"0":[0,0],"1":[0,0],"2":[0,0],"3":[0,0,0]},"_coverageSchema":"1a1c01bbd47fc00a2c39e90264f33305004495a9","hash":"0ae15debcd5020fe1db25b658cdc3745ef479210"}
,"C:\\Users\\Matias N\\workspace\\neoland-bootcamp-202207\\staff\\matias-bua\\postits\\api\\src\\utils\\verifyObjectId.js": {"path":"C:\\Users\\Matias N\\workspace\\neoland-bootcamp-202207\\staff\\matias-bua\\postits\\api\\src\\utils\\verifyObjectId.js","statementMap":{"0":{"start":{"line":1,"column":31},"end":{"line":1,"column":50}},"1":{"start":{"line":4,"column":4},"end":{"line":4,"column":85}},"2":{"start":{"line":4,"column":37},"end":{"line":4,"column":85}},"3":{"start":{"line":7,"column":0},"end":{"line":7,"column":31}}},"fnMap":{"0":{"name":"verifyObjectId","decl":{"start":{"line":3,"column":9},"end":{"line":3,"column":23}},"loc":{"start":{"line":3,"column":57},"end":{"line":5,"column":1}},"line":3}},"branchMap":{"0":{"loc":{"start":{"line":3,"column":34},"end":{"line":3,"column":55}},"type":"default-arg","locations":[{"start":{"line":3,"column":44},"end":{"line":3,"column":55}}],"line":3},"1":{"loc":{"start":{"line":4,"column":4},"end":{"line":4,"column":85}},"type":"if","locations":[{"start":{"line":4,"column":4},"end":{"line":4,"column":85}},{"start":{},"end":{}}],"line":4}},"s":{"0":1,"1":2,"2":0,"3":1},"f":{"0":2},"b":{"0":[0],"1":[0,2]},"_coverageSchema":"1a1c01bbd47fc00a2c39e90264f33305004495a9","hash":"ebb9685a103c3473f46be4ba6d5c69aacd709b7c"}
,"C:\\Users\\Matias N\\workspace\\neoland-bootcamp-202207\\staff\\matias-bua\\postits\\api\\src\\utils\\verifyToken.js": {"path":"C:\\Users\\Matias N\\workspace\\neoland-bootcamp-202207\\staff\\matias-bua\\postits\\api\\src\\utils\\verifyToken.js","statementMap":{"0":{"start":{"line":1,"column":25},"end":{"line":1,"column":49}},"1":{"start":{"line":2,"column":19},"end":{"line":2,"column":42}},"2":{"start":{"line":5,"column":43},"end":{"line":5,"column":46}},"3":{"start":{"line":7,"column":4},"end":{"line":7,"column":48}},"4":{"start":{"line":9,"column":18},"end":{"line":9,"column":44}},"5":{"start":{"line":11,"column":20},"end":{"line":11,"column":68}},"6":{"start":{"line":13,"column":28},"end":{"line":13,"column":35}},"7":{"start":{"line":15,"column":4},"end":{"line":15,"column":17}},"8":{"start":{"line":18,"column":0},"end":{"line":18,"column":28}}},"fnMap":{"0":{"name":"verifyToken","decl":{"start":{"line":4,"column":9},"end":{"line":4,"column":20}},"loc":{"start":{"line":4,"column":26},"end":{"line":16,"column":1}},"line":4}},"branchMap":{},"s":{"0":1,"1":1,"2":0,"3":0,"4":0,"5":0,"6":0,"7":0,"8":1},"f":{"0":0},"b":{},"_coverageSchema":"1a1c01bbd47fc00a2c39e90264f33305004495a9","hash":"5ea439204ec7e751412891f3d199c44c19843308"}
,"C:\\Users\\Matias N\\workspace\\neoland-bootcamp-202207\\staff\\matias-bua\\postits\\api\\src\\validators\\index.js": {"path":"C:\\Users\\Matias N\\workspace\\neoland-bootcamp-202207\\staff\\matias-bua\\postits\\api\\src\\validators\\index.js","statementMap":{"0":{"start":{"line":1,"column":0},"end":{"line":8,"column":1}}},"fnMap":{},"branchMap":{},"s":{"0":3},"f":{},"b":{},"_coverageSchema":"1a1c01bbd47fc00a2c39e90264f33305004495a9","hash":"ae9bd4891b28b96543c4ea174aba88250c09b951"}
,"C:\\Users\\Matias N\\workspace\\neoland-bootcamp-202207\\staff\\matias-bua\\postits\\api\\src\\validators\\validateCallbacks.js": {"path":"C:\\Users\\Matias N\\workspace\\neoland-bootcamp-202207\\staff\\matias-bua\\postits\\api\\src\\validators\\validateCallbacks.js","statementMap":{"0":{"start":{"line":2,"column":4},"end":{"line":2,"column":99}},"1":{"start":{"line":2,"column":50},"end":{"line":2,"column":99}},"2":{"start":{"line":5,"column":0},"end":{"line":5,"column":33}}},"fnMap":{"0":{"name":"validateCallback","decl":{"start":{"line":1,"column":9},"end":{"line":1,"column":25}},"loc":{"start":{"line":1,"column":36},"end":{"line":3,"column":1}},"line":1}},"branchMap":{"0":{"loc":{"start":{"line":2,"column":4},"end":{"line":2,"column":99}},"type":"if","locations":[{"start":{"line":2,"column":4},"end":{"line":2,"column":99}},{"start":{},"end":{}}],"line":2}},"s":{"0":0,"1":0,"2":3},"f":{"0":0},"b":{"0":[0,0]},"_coverageSchema":"1a1c01bbd47fc00a2c39e90264f33305004495a9","hash":"f0ae7dd8301fe8c01647a03f58427346614315fc"}
,"C:\\Users\\Matias N\\workspace\\neoland-bootcamp-202207\\staff\\matias-bua\\postits\\api\\src\\validators\\validateEmail.js": {"path":"C:\\Users\\Matias N\\workspace\\neoland-bootcamp-202207\\staff\\matias-bua\\postits\\api\\src\\validators\\validateEmail.js","statementMap":{"0":{"start":{"line":1,"column":24},"end":{"line":1,"column":45}},"1":{"start":{"line":2,"column":20},"end":{"line":2,"column":138}},"2":{"start":{"line":5,"column":4},"end":{"line":5,"column":79}},"3":{"start":{"line":5,"column":35},"end":{"line":5,"column":79}},"4":{"start":{"line":6,"column":4},"end":{"line":6,"column":83}},"5":{"start":{"line":6,"column":35},"end":{"line":6,"column":83}},"6":{"start":{"line":7,"column":4},"end":{"line":7,"column":75}},"7":{"start":{"line":7,"column":25},"end":{"line":7,"column":75}},"8":{"start":{"line":8,"column":4},"end":{"line":8,"column":77}},"9":{"start":{"line":8,"column":34},"end":{"line":8,"column":77}},"10":{"start":{"line":11,"column":0},"end":{"line":11,"column":30}}},"fnMap":{"0":{"name":"validateEmail","decl":{"start":{"line":4,"column":9},"end":{"line":4,"column":22}},"loc":{"start":{"line":4,"column":30},"end":{"line":9,"column":1}},"line":4}},"branchMap":{"0":{"loc":{"start":{"line":5,"column":4},"end":{"line":5,"column":79}},"type":"if","locations":[{"start":{"line":5,"column":4},"end":{"line":5,"column":79}},{"start":{},"end":{}}],"line":5},"1":{"loc":{"start":{"line":6,"column":4},"end":{"line":6,"column":83}},"type":"if","locations":[{"start":{"line":6,"column":4},"end":{"line":6,"column":83}},{"start":{},"end":{}}],"line":6},"2":{"loc":{"start":{"line":7,"column":4},"end":{"line":7,"column":75}},"type":"if","locations":[{"start":{"line":7,"column":4},"end":{"line":7,"column":75}},{"start":{},"end":{}}],"line":7},"3":{"loc":{"start":{"line":8,"column":4},"end":{"line":8,"column":77}},"type":"if","locations":[{"start":{"line":8,"column":4},"end":{"line":8,"column":77}},{"start":{},"end":{}}],"line":8}},"s":{"0":3,"1":3,"2":5,"3":0,"4":5,"5":0,"6":5,"7":0,"8":5,"9":0,"10":3},"f":{"0":5},"b":{"0":[0,5],"1":[0,5],"2":[0,5],"3":[0,5]},"_coverageSchema":"1a1c01bbd47fc00a2c39e90264f33305004495a9","hash":"ce99c951b5092499bd08096701b069ffeec28509"}
,"C:\\Users\\Matias N\\workspace\\neoland-bootcamp-202207\\staff\\matias-bua\\postits\\api\\src\\validators\\validateObjectId.js": {"path":"C:\\Users\\Matias N\\workspace\\neoland-bootcamp-202207\\staff\\matias-bua\\postits\\api\\src\\validators\\validateObjectId.js","statementMap":{"0":{"start":{"line":1,"column":31},"end":{"line":1,"column":50}},"1":{"start":{"line":4,"column":4},"end":{"line":4,"column":85}},"2":{"start":{"line":4,"column":37},"end":{"line":4,"column":85}},"3":{"start":{"line":7,"column":0},"end":{"line":7,"column":33}}},"fnMap":{"0":{"name":"validateObjectId","decl":{"start":{"line":3,"column":9},"end":{"line":3,"column":25}},"loc":{"start":{"line":3,"column":59},"end":{"line":5,"column":1}},"line":3}},"branchMap":{"0":{"loc":{"start":{"line":3,"column":36},"end":{"line":3,"column":57}},"type":"default-arg","locations":[{"start":{"line":3,"column":46},"end":{"line":3,"column":57}}],"line":3},"1":{"loc":{"start":{"line":4,"column":4},"end":{"line":4,"column":85}},"type":"if","locations":[{"start":{"line":4,"column":4},"end":{"line":4,"column":85}},{"start":{},"end":{}}],"line":4}},"s":{"0":3,"1":0,"2":0,"3":3},"f":{"0":0},"b":{"0":[0],"1":[0,0]},"_coverageSchema":"1a1c01bbd47fc00a2c39e90264f33305004495a9","hash":"d72704f4b1b221c502b45d95192d6be8e2f321fe"}
,"C:\\Users\\Matias N\\workspace\\neoland-bootcamp-202207\\staff\\matias-bua\\postits\\api\\src\\validators\\validatePassword.js": {"path":"C:\\Users\\Matias N\\workspace\\neoland-bootcamp-202207\\staff\\matias-bua\\postits\\api\\src\\validators\\validatePassword.js","statementMap":{"0":{"start":{"line":1,"column":25},"end":{"line":1,"column":45}},"1":{"start":{"line":4,"column":4},"end":{"line":4,"column":85}},"2":{"start":{"line":4,"column":38},"end":{"line":4,"column":85}},"3":{"start":{"line":5,"column":4},"end":{"line":5,"column":89}},"4":{"start":{"line":5,"column":38},"end":{"line":5,"column":89}},"5":{"start":{"line":6,"column":4},"end":{"line":6,"column":93}},"6":{"start":{"line":6,"column":28},"end":{"line":6,"column":93}},"7":{"start":{"line":9,"column":0},"end":{"line":9,"column":33}}},"fnMap":{"0":{"name":"validatePassword","decl":{"start":{"line":3,"column":9},"end":{"line":3,"column":25}},"loc":{"start":{"line":3,"column":36},"end":{"line":7,"column":1}},"line":3}},"branchMap":{"0":{"loc":{"start":{"line":4,"column":4},"end":{"line":4,"column":85}},"type":"if","locations":[{"start":{"line":4,"column":4},"end":{"line":4,"column":85}},{"start":{},"end":{}}],"line":4},"1":{"loc":{"start":{"line":5,"column":4},"end":{"line":5,"column":89}},"type":"if","locations":[{"start":{"line":5,"column":4},"end":{"line":5,"column":89}},{"start":{},"end":{}}],"line":5},"2":{"loc":{"start":{"line":6,"column":4},"end":{"line":6,"column":93}},"type":"if","locations":[{"start":{"line":6,"column":4},"end":{"line":6,"column":93}},{"start":{},"end":{}}],"line":6}},"s":{"0":3,"1":5,"2":0,"3":5,"4":0,"5":5,"6":0,"7":3},"f":{"0":5},"b":{"0":[0,5],"1":[0,5],"2":[0,5]},"_coverageSchema":"1a1c01bbd47fc00a2c39e90264f33305004495a9","hash":"2bd24017585b3f685fb2f7ccd1aa0ebee895b498"}
,"C:\\Users\\Matias N\\workspace\\neoland-bootcamp-202207\\staff\\matias-bua\\postits\\api\\src\\validators\\validateString.js": {"path":"C:\\Users\\Matias N\\workspace\\neoland-bootcamp-202207\\staff\\matias-bua\\postits\\api\\src\\validators\\validateString.js","statementMap":{},"fnMap":{},"branchMap":{},"s":{},"f":{},"b":{},"_coverageSchema":"1a1c01bbd47fc00a2c39e90264f33305004495a9","hash":"f8ef490a180e5c25e280c698c8b6e09d6868a7a3"}
,"C:\\Users\\Matias N\\workspace\\neoland-bootcamp-202207\\staff\\matias-bua\\postits\\api\\src\\validators\\validateText.js": {"path":"C:\\Users\\Matias N\\workspace\\neoland-bootcamp-202207\\staff\\matias-bua\\postits\\api\\src\\validators\\validateText.js","statementMap":{"0":{"start":{"line":1,"column":24},"end":{"line":1,"column":45}},"1":{"start":{"line":4,"column":4},"end":{"line":4,"column":84}},"2":{"start":{"line":4,"column":34},"end":{"line":4,"column":84}},"3":{"start":{"line":5,"column":4},"end":{"line":5,"column":87}},"4":{"start":{"line":5,"column":34},"end":{"line":5,"column":87}},"5":{"start":{"line":8,"column":0},"end":{"line":8,"column":29}}},"fnMap":{"0":{"name":"validateText","decl":{"start":{"line":3,"column":9},"end":{"line":3,"column":21}},"loc":{"start":{"line":3,"column":45},"end":{"line":6,"column":1}},"line":3}},"branchMap":{"0":{"loc":{"start":{"line":3,"column":28},"end":{"line":3,"column":44}},"type":"default-arg","locations":[{"start":{"line":3,"column":38},"end":{"line":3,"column":44}}],"line":3},"1":{"loc":{"start":{"line":4,"column":4},"end":{"line":4,"column":84}},"type":"if","locations":[{"start":{"line":4,"column":4},"end":{"line":4,"column":84}},{"start":{},"end":{}}],"line":4},"2":{"loc":{"start":{"line":5,"column":4},"end":{"line":5,"column":87}},"type":"if","locations":[{"start":{"line":5,"column":4},"end":{"line":5,"column":87}},{"start":{},"end":{}}],"line":5}},"s":{"0":3,"1":2,"2":0,"3":2,"4":0,"5":3},"f":{"0":2},"b":{"0":[0],"1":[0,2],"2":[0,2]},"_coverageSchema":"1a1c01bbd47fc00a2c39e90264f33305004495a9","hash":"79a82c93277b6a70215e6dc18a3bd5f65c3daf78"}
}
