TN:
SF:src\errors\AuthError.js
FN:2,(anonymous_0)
FNF:1
FNH:1
FNDA:1,(anonymous_0)
DA:3,1
DA:5,1
DA:9,3
LF:3
LH:3
BRF:0
BRH:0
end_of_record
TN:
SF:src\errors\DuplicityError.js
FN:2,(anonymous_0)
FNF:1
FNH:1
FNDA:1,(anonymous_0)
DA:3,1
DA:5,1
DA:9,3
LF:3
LH:3
BRF:0
BRH:0
end_of_record
TN:
SF:src\errors\FormatError.js
FN:2,(anonymous_0)
FNF:1
FNH:0
FNDA:0,(anonymous_0)
DA:3,0
DA:5,0
DA:9,3
LF:3
LH:1
BRF:0
BRH:0
end_of_record
TN:
SF:src\errors\NotFoundError.js
FN:2,(anonymous_0)
FNF:1
FNH:1
FNDA:1,(anonymous_0)
DA:3,1
DA:5,1
DA:9,3
LF:3
LH:3
BRF:0
BRH:0
end_of_record
TN:
SF:src\errors\SystemError.js
FN:2,(anonymous_0)
FNF:1
FNH:0
FNDA:0,(anonymous_0)
DA:3,0
DA:5,0
DA:9,3
LF:3
LH:1
BRF:0
BRH:0
end_of_record
TN:
SF:src\errors\UnknownError.js
FN:2,(anonymous_0)
FNF:1
FNH:0
FNDA:0,(anonymous_0)
DA:3,0
DA:5,0
DA:9,3
LF:3
LH:1
BRF:0
BRH:0
end_of_record
TN:
SF:src\errors\index.js
FNF:0
FNH:0
DA:1,3
LF:1
LH:1
BRF:0
BRH:0
end_of_record
TN:
SF:src\logic\notes\createNote\index.js
FN:21,createNote
FN:26,(anonymous_1)
FN:29,(anonymous_2)
FN:33,(anonymous_3)
FN:37,(anonymous_4)
FNF:5
FNH:1
FNDA:2,createNote
FNDA:0,(anonymous_1)
FNDA:0,(anonymous_2)
FNDA:0,(anonymous_3)
FNDA:0,(anonymous_4)
DA:1,1
DA:2,1
DA:3,1
DA:4,1
DA:22,2
DA:23,2
DA:25,0
DA:27,0
DA:30,0
DA:32,0
DA:34,0
DA:40,1
LF:12
LH:7
BRDA:21,0,0,1
BRDA:30,1,0,0
BRDA:30,1,1,0
BRF:3
BRH:1
end_of_record
TN:
SF:src\logic\users\authenticateUser\index.js
FN:6,authenticateUser
FN:12,(anonymous_1)
FN:15,(anonymous_2)
FNF:3
FNH:2
FNDA:3,authenticateUser
FNDA:0,(anonymous_1)
FNDA:3,(anonymous_2)
DA:1,1
DA:2,1
DA:3,1
DA:7,3
DA:8,3
DA:11,3
DA:13,0
DA:16,3
DA:18,2
DA:20,1
DA:25,1
LF:11
LH:10
BRDA:16,0,0,1
BRDA:16,0,1,2
BRDA:18,1,0,1
BRDA:18,1,1,1
BRF:4
BRH:4
end_of_record
TN:
SF:src\logic\users\registerUser\index.js
FN:6,registerUser
FN:11,(anonymous_1)
FNF:2
FNH:2
FNDA:2,registerUser
FNDA:2,(anonymous_1)
DA:1,1
DA:2,1
DA:3,1
DA:7,2
DA:8,2
DA:9,2
DA:11,2
DA:12,2
DA:13,2
DA:15,1
DA:16,1
DA:18,0
DA:23,1
LF:13
LH:12
BRDA:15,0,0,1
BRDA:15,0,1,0
BRF:2
BRH:1
end_of_record
TN:
SF:src\models\index.js
FNF:0
FNH:0
DA:1,3
DA:2,3
DA:4,3
LF:3
LH:3
BRF:0
BRH:0
end_of_record
TN:
SF:src\models\schemas\index.js
FNF:0
FNH:0
DA:1,3
LF:1
LH:1
BRF:0
BRH:0
end_of_record
TN:
SF:src\models\schemas\note.js
FNF:0
FNH:0
DA:1,3
DA:3,3
DA:26,3
LF:3
LH:3
BRF:0
BRH:0
end_of_record
TN:
SF:src\models\schemas\user.js
FNF:0
FNH:0
DA:1,3
DA:3,3
DA:21,3
LF:3
LH:3
BRF:0
BRH:0
end_of_record
TN:
SF:src\utils\createLogger.js
FN:4,createLabelForModule
FN:10,(anonymous_1)
FN:16,(anonymous_2)
FNF:3
FNH:0
FNDA:0,createLabelForModule
FNDA:0,(anonymous_1)
FNDA:0,(anonymous_2)
DA:1,1
DA:2,1
DA:5,0
DA:7,0
DA:10,1
DA:11,0
DA:16,0
LF:7
LH:3
BRF:0
BRH:0
end_of_record
TN:
SF:src\utils\index.js
FNF:0
FNH:0
DA:1,1
LF:1
LH:1
BRF:0
BRH:0
end_of_record
TN:
SF:src\utils\runWithErrorHandling.js
FN:5,runWithErrorHandling
FNF:1
FNH:0
FNDA:0,runWithErrorHandling
DA:1,1
DA:2,1
DA:3,1
DA:6,0
DA:7,0
DA:9,0
DA:10,0
DA:11,0
DA:12,0
DA:14,0
DA:16,0
DA:20,1
LF:12
LH:4
BRDA:9,0,0,0
BRDA:9,0,1,0
BRDA:9,1,0,0
BRDA:9,1,1,0
BRDA:11,2,0,0
BRDA:11,2,1,0
BRDA:11,3,0,0
BRDA:11,3,1,0
BRDA:11,3,2,0
BRF:9
BRH:0
end_of_record
TN:
SF:src\utils\verifyObjectId.js
FN:3,verifyObjectId
FNF:1
FNH:1
FNDA:2,verifyObjectId
DA:1,1
DA:4,2
DA:7,1
LF:3
LH:3
BRDA:3,0,0,0
BRDA:4,1,0,0
BRDA:4,1,1,2
BRF:3
BRH:1
end_of_record
TN:
SF:src\utils\verifyToken.js
FN:4,verifyToken
FNF:1
FNH:0
FNDA:0,verifyToken
DA:1,1
DA:2,1
DA:5,0
DA:7,0
DA:9,0
DA:11,0
DA:13,0
DA:15,0
DA:18,1
LF:9
LH:3
BRF:0
BRH:0
end_of_record
TN:
SF:src\validators\index.js
FNF:0
FNH:0
DA:1,3
LF:1
LH:1
BRF:0
BRH:0
end_of_record
TN:
SF:src\validators\validateCallbacks.js
FN:1,validateCallback
FNF:1
FNH:0
FNDA:0,validateCallback
DA:2,0
DA:5,3
LF:2
LH:1
BRDA:2,0,0,0
BRDA:2,0,1,0
BRF:2
BRH:0
end_of_record
TN:
SF:src\validators\validateEmail.js
FN:4,validateEmail
FNF:1
FNH:1
FNDA:5,validateEmail
DA:1,3
DA:2,3
DA:5,5
DA:6,5
DA:7,5
DA:8,5
DA:11,3
LF:7
LH:7
BRDA:5,0,0,0
BRDA:5,0,1,5
BRDA:6,1,0,0
BRDA:6,1,1,5
BRDA:7,2,0,0
BRDA:7,2,1,5
BRDA:8,3,0,0
BRDA:8,3,1,5
BRF:8
BRH:4
end_of_record
TN:
SF:src\validators\validateObjectId.js
FN:3,validateObjectId
FNF:1
FNH:0
FNDA:0,validateObjectId
DA:1,3
DA:4,0
DA:7,3
LF:3
LH:2
BRDA:3,0,0,0
BRDA:4,1,0,0
BRDA:4,1,1,0
BRF:3
BRH:0
end_of_record
TN:
SF:src\validators\validatePassword.js
FN:3,validatePassword
FNF:1
FNH:1
FNDA:5,validatePassword
DA:1,3
DA:4,5
DA:5,5
DA:6,5
DA:9,3
LF:5
LH:5
BRDA:4,0,0,0
BRDA:4,0,1,5
BRDA:5,1,0,0
BRDA:5,1,1,5
BRDA:6,2,0,0
BRDA:6,2,1,5
BRF:6
BRH:3
end_of_record
TN:
SF:src\validators\validateString.js
FNF:0
FNH:0
LF:0
LH:0
BRF:0
BRH:0
end_of_record
TN:
SF:src\validators\validateText.js
FN:3,validateText
FNF:1
FNH:1
FNDA:2,validateText
DA:1,3
DA:4,2
DA:5,2
DA:8,3
LF:4
LH:4
BRDA:3,0,0,0
BRDA:4,1,0,0
BRDA:4,1,1,2
BRDA:5,2,0,0
BRDA:5,2,1,2
BRF:5
BRH:2
end_of_record
